0.000000 0.118678
1.000000 0.121151
1.584963 0.121376
2.000000 0.121825
2.584963 0.122050
3.000000 0.122499
3.169925 0.122949
3.321928 0.123848
3.459432 0.124073
3.700440 0.124298
3.807355 0.124747
3.906891 0.124972
4.000000 0.126545
4.087463 0.128568
4.169925 0.130142
4.247928 0.131265
4.321928 0.132165
4.392317 0.132614
4.459432 0.133738
4.523562 0.133963
4.584963 0.134187
4.643856 0.134412
4.700440 0.135311
4.754888 0.136210
4.807355 0.136435
4.857981 0.137559
4.906891 0.137784
4.954196 0.138458
5.000000 0.145201
5.044394 0.145875
5.087463 0.148573
5.129283 0.148797
5.169925 0.149697
5.209453 0.149921
5.247928 0.150596
5.285402 0.150820
5.321928 0.151045
5.357552 0.151270
5.392317 0.151719
5.426265 0.152394
5.459432 0.152619
5.491853 0.152843
5.523562 0.154641
5.554589 0.155765
5.584963 0.157114
5.614710 0.157339
5.643856 0.157788
5.672425 0.158687
5.700440 0.159137
5.727920 0.160036
5.754888 0.160261
5.781360 0.160710
5.807355 0.161160
5.832890 0.161385
5.857981 0.161609
5.882643 0.161834
5.930737 0.163183
5.954196 0.163408
5.977280 0.163857
6.000000 0.172398
6.022368 0.172623
6.066089 0.173297
6.087463 0.173747
6.108524 0.175096
6.149747 0.175320
6.189825 0.175995
6.209453 0.176219
6.228819 0.177118
6.285402 0.178692
6.303781 0.179366
6.321928 0.180265
6.339850 0.182063
6.375039 0.182513
6.392317 0.182738
6.426265 0.183187
6.442943 0.183862
6.459432 0.184536
6.475733 0.184761
6.491853 0.184985
6.507795 0.185660
6.523562 0.185884
6.554589 0.186784
6.584963 0.187233
6.614710 0.187458
6.643856 0.187907
6.672425 0.188132
6.686501 0.188357
6.741467 0.189031
6.754888 0.189256
6.768184 0.189481
6.781360 0.189706
6.794416 0.189930
6.807355 0.190380
6.820179 0.190605
6.857981 0.190829
6.870365 0.191054
6.882643 0.191279
6.894818 0.191953
6.918863 0.192852
6.930737 0.193302
6.965784 0.194875
6.977280 0.195774
6.988685 0.198022
7.000000 0.205439
7.011227 0.206339
7.022368 0.206788
7.033423 0.207912
7.055282 0.208137
7.066089 0.208586
7.076816 0.208811
7.108524 0.209261
7.118941 0.209485
7.129283 0.209710
7.149747 0.209935
7.159871 0.210384
7.169925 0.211283
7.179909 0.212407
7.219169 0.212632
7.228819 0.212857
7.238405 0.213082
7.247928 0.213306
7.257388 0.213531
7.266787 0.214430
7.294621 0.214655
7.303781 0.214880
7.330917 0.215105
7.348728 0.215329
7.357552 0.216453
7.366322 0.216678
7.383704 0.216903
7.409391 0.217127
7.426265 0.217352
7.434628 0.218027
7.459432 0.218251
7.483816 0.218701
7.491853 0.219150
7.499846 0.219375
7.507795 0.219600
7.515700 0.221173
7.523562 0.221623
7.539159 0.223421
7.546894 0.224095
7.569856 0.224545
7.577429 0.224770
7.584963 0.226118
7.592457 0.226568
7.607330 0.226793
7.614710 0.227242
7.622052 0.227916
7.629357 0.228815
7.636625 0.229715
7.643856 0.230164
7.658211 0.230389
7.700440 0.230614
7.727920 0.230838
7.734710 0.231063
7.748193 0.231288
7.754888 0.231513
7.761551 0.231737
7.774787 0.231962
7.800900 0.232637
7.807355 0.233086
7.820179 0.233311
7.845490 0.233536
7.851749 0.233985
7.857981 0.234210
7.864186 0.234659
7.876517 0.235109
7.882643 0.235334
7.936638 0.235783
7.954196 0.236008
7.971544 0.236233
8.000000 0.237357
8.016808 0.237806
8.022368 0.238256
8.033423 0.238930
8.060696 0.239155
8.076816 0.239380
8.103288 0.239604
8.108524 0.240054
8.113742 0.240953
8.118941 0.241178
8.139551 0.241403
8.149747 0.241852
8.184875 0.242077
8.219169 0.242302
8.224002 0.242526
8.243174 0.242751
8.252665 0.242976
8.266787 0.243201
8.271463 0.243425
8.285402 0.243650
8.294621 0.243875
8.317413 0.244325
8.321928 0.246123
8.335390 0.246347
8.339850 0.247022
8.379378 0.247247
8.392317 0.247696
8.396605 0.247921
8.400879 0.248146
8.430453 0.248370
8.434628 0.248595
8.438792 0.248820
8.459432 0.249045
8.463524 0.249269
8.475733 0.249494
8.487840 0.249944
8.519636 0.250393
8.531381 0.250618
8.546894 0.251292
8.562242 0.251967
8.566054 0.252192
8.569856 0.252866
8.584963 0.253540
8.599913 0.253765
8.618386 0.254439
8.622052 0.254664
8.629357 0.254889
8.640245 0.255114
8.651052 0.255338
8.672425 0.256013
8.693487 0.256237
8.696968 0.256462
8.700440 0.271522
8.717676 0.271746
8.724514 0.271971
8.734710 0.272196
8.741467 0.272870
8.761551 0.273545
8.771489 0.273994
8.774787 0.274219
8.778077 0.274444
8.781360 0.274893
8.787903 0.275118
8.804131 0.275568
8.807355 0.275792
8.813781 0.276017
8.816984 0.276242
8.829723 0.276467
8.842350 0.276691
8.845490 0.276916
8.851749 0.277366
8.854868 0.277815
8.870365 0.278040
8.879583 0.278714
8.882643 0.278939
8.891784 0.279164
8.894818 0.279389
8.900867 0.279613
8.921841 0.280063
8.924813 0.280288
8.927778 0.280512
8.942515 0.280962
8.957102 0.281412
8.977280 0.281636
8.991522 0.282086
8.997179 0.282311
9.002815 0.282535
9.005625 0.282985
9.008429 0.283434
9.016808 0.283659
9.022368 0.284334
9.030667 0.284558
9.036174 0.284783
9.038919 0.285008
9.041659 0.285233
9.047124 0.285457
9.052568 0.286132
9.055282 0.286356
9.060696 0.286581
9.063395 0.286806
9.066089 0.287480
9.071462 0.287705
9.076816 0.287930
9.084808 0.288155
9.087463 0.288379
9.090112 0.288604
9.092757 0.288829
9.098032 0.289054
9.116344 0.289953
9.118941 0.290627
9.121534 0.291301
9.124121 0.291751
9.134426 0.292425
9.139551 0.292650
9.142107 0.293999
9.147205 0.294448
9.149747 0.294898
9.157347 0.295122
9.159871 0.298719
9.164907 0.299168
9.167418 0.299618
9.169925 0.300067
9.172428 0.300967
9.179909 0.301641
9.204571 0.302315
9.211888 0.303214
9.214319 0.303439
9.216746 0.303664
9.219169 0.303889
9.226412 0.304338
9.228819 0.304563
9.247928 0.305012
9.257388 0.305237
9.259743 0.305687
9.271463 0.305911
9.273796 0.306136
9.280771 0.306586
9.292322 0.306811
9.299208 0.307035
9.303781 0.307710
9.306062 0.307934
9.317413 0.308159
9.321928 0.308384
9.333155 0.308609
9.335390 0.308833
9.342075 0.309058
9.350939 0.309283
9.353147 0.309508
9.366322 0.309733
9.368506 0.310182
9.370687 0.310632
9.375039 0.310856
9.385862 0.311081
9.388017 0.311306
9.396605 0.311531
9.405141 0.311980
9.411511 0.312205
9.413628 0.312430
9.430453 0.312655
9.436712 0.312879
9.442943 0.313104
9.445015 0.313329
9.447083 0.314228
9.451211 0.314902
9.453271 0.315352
9.459432 0.315801
9.461479 0.316026
9.465566 0.316251
9.483816 0.316476
9.487840 0.316700
9.491853 0.317375
9.493855 0.317599
9.501837 0.318049
9.505812 0.318274
9.507795 0.318499
9.509775 0.319173
9.517669 0.319398
9.519636 0.319847
9.521600 0.320072
9.523562 0.320297
9.525521 0.321421
9.529431 0.321645
9.531381 0.321870
9.535275 0.322095
9.539159 0.322320
9.550747 0.322544
9.556506 0.322769
9.560333 0.322994
9.567956 0.323219
9.569856 0.323443
9.571753 0.323668
9.579316 0.324118
9.581201 0.324343
9.588715 0.324567
9.590587 0.324792
9.592457 0.325242
9.598053 0.325466
9.603626 0.325916
9.609179 0.326365
9.611025 0.327040
9.612868 0.327265
9.616549 0.327714
9.618386 0.327939
9.632995 0.328388
9.640245 0.328838
9.643856 0.329287
9.651052 0.329737
9.656425 0.329962
9.661778 0.330187
9.670656 0.330411
9.674192 0.330636
9.679480 0.330861
9.682995 0.331310
9.684749 0.331535
9.686501 0.331760
9.689998 0.331985
9.691744 0.332209
9.700440 0.332434
9.702173 0.332659
9.712527 0.332884
9.714246 0.333109
9.717676 0.333333
9.721099 0.333558
9.722808 0.333783
9.726218 0.334008
9.729621 0.334457
9.746514 0.334907
9.751544 0.335131
9.754888 0.336031
9.758223 0.336255
9.768184 0.336480
9.778077 0.336930
9.779719 0.337154
9.781360 0.337379
9.787903 0.337604
9.789534 0.337829
9.792790 0.338053
9.794416 0.338278
9.796040 0.338728
9.799282 0.339402
9.800900 0.340076
9.802516 0.340301
9.804131 0.340976
9.805744 0.341650
9.807355 0.342099
9.810572 0.342324
9.812177 0.342549
9.813781 0.342998
9.815383 0.343223
9.820179 0.343448
9.821774 0.343673
9.824959 0.343898
9.836050 0.344122
9.837628 0.344347
9.840778 0.344572
9.845490 0.344797
9.847057 0.345021
9.848623 0.345471
9.850187 0.345696
9.854868 0.346370
9.856426 0.346595
9.857981 0.347044
9.859535 0.347269
9.865733 0.347719
9.868823 0.348393
9.870365 0.348842
9.871905 0.349067
9.874981 0.349517
9.878051 0.349742
9.885696 0.349966
9.891784 0.350191
9.896332 0.350865
9.899357 0.351764
9.900867 0.352439
9.906891 0.352664
9.911392 0.353113
9.912889 0.353563
9.914385 0.353787
9.918863 0.354462
9.924813 0.354686
9.926296 0.355361
9.927778 0.355586
9.935165 0.355810
9.942515 0.356035
9.945444 0.356485
9.946906 0.356709
9.948367 0.356934
9.951285 0.357608
9.955650 0.358058
9.958553 0.358283
9.961450 0.358732
9.964341 0.358957
9.965784 0.359182
9.968667 0.360081
9.981567 0.360306
9.982994 0.360980
9.992938 0.361205
9.994353 0.361430
9.997179 0.361654
9.998590 0.361879
10.000000 0.363228
10.002815 0.363452
10.005625 0.363902
10.007027 0.364127
10.008429 0.364352
10.011227 0.364576
10.012625 0.364801
10.020980 0.365026
10.022368 0.365251
10.023754 0.365475
10.025140 0.365700
10.027906 0.366374
10.036174 0.366599
10.037547 0.366824
10.038919 0.367049
10.044394 0.367274
10.045760 0.367723
10.053926 0.367948
10.057992 0.369296
10.059344 0.369971
10.060696 0.370196
10.063395 0.370420
10.064743 0.370870
10.067434 0.371095
10.072803 0.371319
10.076816 0.371544
10.080818 0.371769
10.082149 0.372218
10.084808 0.373792
10.088788 0.374241
10.091435 0.374466
10.095397 0.375365
10.096715 0.375590
10.098032 0.375815
10.099348 0.376040
10.103288 0.376264
10.104599 0.376714
10.105909 0.376939
10.109831 0.377163
10.111136 0.377388
10.113742 0.377613
10.115044 0.378062
10.117643 0.378512
10.120238 0.378737
10.121534 0.378962
10.124121 0.379186
10.125413 0.379861
10.126704 0.380310
10.127994 0.380760
10.129283 0.380984
10.131857 0.381209
10.135709 0.381434
10.136991 0.381659
10.138272 0.381884
10.145932 0.382108
10.147205 0.382558
10.148477 0.382783
10.149747 0.383007
10.151017 0.383232
10.152285 0.383682
10.154818 0.383906
10.156083 0.384356
10.159871 0.384806
10.162391 0.385255
10.163650 0.385705
10.169925 0.385929
10.173677 0.386379
10.174926 0.386604
10.176173 0.386829
10.178665 0.387053
10.179909 0.387278
10.181152 0.387503
10.183635 0.387728
10.186114 0.387952
10.194757 0.388627
10.207014 0.388851
10.209453 0.389076
10.213104 0.389975
10.216746 0.390200
10.217958 0.390650
10.219169 0.391099
10.221587 0.391998
10.225207 0.392223
10.231221 0.392448
10.234817 0.393347
10.236014 0.393572
10.238405 0.393796
10.240791 0.394246
10.246741 0.394471
10.249113 0.394695
10.251482 0.394920
10.252665 0.395145
10.253847 0.395370
10.256209 0.395595
10.260920 0.395819
10.264443 0.396044
10.267957 0.396718
10.272630 0.396943
10.273796 0.397393
10.276124 0.397617
10.280771 0.397842
10.283088 0.398741
10.284246 0.398966
10.290019 0.399191
10.291171 0.399416
10.292322 0.399640
10.299208 0.400090
10.300353 0.400539
10.303781 0.401214
10.304922 0.401439
10.310613 0.401663
10.316282 0.401888
10.318543 0.402113
10.328675 0.402562
10.333155 0.403461
10.335390 0.404136
10.336507 0.404361
10.339850 0.404585
10.349834 0.405709
10.360847 0.406159
10.363040 0.406383
10.364135 0.406608
10.365229 0.406833
10.366322 0.407283
10.370687 0.407507
10.372865 0.408631
10.377211 0.408856
10.378295 0.409081
10.379378 0.409305
10.383704 0.409530
10.388017 0.409755
10.392317 0.409980
10.396605 0.410205
10.397675 0.410429
10.398744 0.410879
10.408330 0.411328
10.409391 0.411553
10.410451 0.411778
10.411511 0.412003
10.419960 0.412227
10.427313 0.412452
10.431498 0.412677
10.439831 0.412902
10.440869 0.413127
10.443980 0.414250
10.449149 0.415149
10.451211 0.415824
10.457381 0.416049
10.460456 0.416723
10.461479 0.416948
10.464546 0.417397
10.472691 0.417622
10.477758 0.418071
10.479780 0.418521
10.483816 0.419420
10.485829 0.419645
10.495855 0.419870
10.496854 0.420544
10.498849 0.420769
10.508785 0.420993
10.509775 0.421218
10.512740 0.421443
10.517669 0.421668
10.522582 0.421893
10.529431 0.422117
10.530406 0.422342
10.532356 0.422567
10.533330 0.423016
10.535275 0.423466
10.536247 0.423691
10.538189 0.424140
10.541097 0.424815
10.547859 0.425489
10.549785 0.425714
10.550747 0.425938
10.561288 0.426163
10.562242 0.426388
10.563196 0.426613
10.568906 0.426837
10.569856 0.427062
10.573647 0.427512
10.577429 0.427961
10.578373 0.428186
10.579316 0.428411
10.584963 0.442571
10.590587 0.443021
10.594325 0.443246
10.595257 0.443695
10.600842 0.443920
10.602699 0.444145
10.605480 0.444594
10.607330 0.444819
10.608255 0.445044
10.611025 0.445269
10.612868 0.445493
10.622967 0.445718
10.626622 0.445943
10.629357 0.446168
10.631177 0.446392
10.634811 0.446617
10.636625 0.446842
10.638436 0.447067
10.640245 0.447292
10.642954 0.447516
10.649256 0.447741
10.651949 0.447966
10.654636 0.448640
10.656425 0.449539
10.661778 0.449764
10.667112 0.449989
10.667999 0.450214
10.668885 0.450888
10.669771 0.451113
10.676839 0.451337
10.682117 0.451787
10.683872 0.452012
10.685625 0.452461
10.686501 0.452686
10.687376 0.452911
10.690871 0.453136
10.693487 0.453360
10.695228 0.453585
10.696968 0.453810
10.705632 0.454035
10.706496 0.454259
10.707359 0.454484
10.709084 0.454709
10.711667 0.454934
10.715962 0.455158
10.719389 0.455383
10.722808 0.455833
10.727920 0.456058
10.730470 0.456282
10.731319 0.456507
10.732167 0.456957
10.735556 0.457856
10.738937 0.458080
10.739781 0.458530
10.744834 0.458755
10.752381 0.459204
10.759056 0.459429
10.759888 0.459654
10.760720 0.459879
10.762382 0.460103
10.764872 0.460553
10.765700 0.460778
10.768184 0.461227
10.777255 0.461452
10.778898 0.461677
10.787086 0.461902
10.788718 0.462126
10.793603 0.462801
10.794416 0.463025
10.798472 0.463250
10.799282 0.464149
10.800900 0.464374
10.806550 0.464824
10.807355 0.465273
10.810572 0.465498
10.812177 0.465723
10.812979 0.465947
10.816984 0.466172
10.832099 0.466622
10.832890 0.466846
10.836839 0.467071
10.838416 0.467296
10.840778 0.467521
10.841564 0.467746
10.842350 0.467970
10.848623 0.468645
10.850187 0.468869
10.857981 0.469319
10.866506 0.469544
10.867279 0.469993
10.868051 0.470218
10.874213 0.470443
10.875749 0.470892
10.876517 0.471342
10.883407 0.471567
10.887982 0.471791
10.900112 0.472016
10.902375 0.472241
10.904635 0.472466
10.905387 0.472690
10.911392 0.472915
10.918863 0.473140
10.920353 0.473365
10.923327 0.473590
10.926296 0.473814
10.927778 0.474039
10.931476 0.474264
10.933691 0.474489
10.935165 0.474713
10.942515 0.474938
10.943247 0.475163
10.948367 0.475388
10.951285 0.475837
10.952013 0.476062
10.954196 0.476287
10.955650 0.476512
10.959278 0.476961
10.961450 0.477186
10.962173 0.477411
10.965063 0.477635
10.965784 0.477860
10.967226 0.478085
10.967947 0.478535
10.968667 0.478984
10.969387 0.479209
10.972980 0.479658
10.974415 0.479883
10.977280 0.480108
10.977995 0.480333
10.979425 0.480557
10.980854 0.480782
10.982281 0.481007
10.983706 0.481232
10.987264 0.481457
10.987975 0.481681
10.988685 0.481906
10.995060 0.482131
10.997179 0.482356
11.000000 0.484154
11.004220 0.484379
11.011926 0.484603
11.017504 0.484828
11.020286 0.485278
11.031357 0.485502
11.032046 0.485727
11.033423 0.486177
11.044394 0.486401
11.045760 0.486626
11.049849 0.486851
11.053247 0.487076
11.055282 0.487301
11.055960 0.487525
11.057315 0.487750
11.060020 0.487975
11.060696 0.488424
11.062046 0.488649
11.063395 0.488874
11.066089 0.489548
11.070121 0.489773
11.073472 0.489998
11.078151 0.490447
11.080151 0.490897
11.084144 0.491122
11.087463 0.491346
11.094078 0.491571
11.096056 0.492021
11.098032 0.492245
11.108524 0.492920
11.110483 0.493145
11.116994 0.493369
11.118292 0.493594
11.121534 0.493819
11.124121 0.494044
11.124768 0.494268
11.127350 0.494493
11.128639 0.494718
11.130571 0.494943
11.132500 0.495167
11.133142 0.495392
11.133784 0.495617
11.136991 0.495842
11.144021 0.496067
11.144658 0.496291
11.145295 0.496516
11.147205 0.496741
11.154818 0.496966
11.155451 0.497190
11.161132 0.497865
11.163650 0.498314
11.164907 0.498539
11.166791 0.498764
11.167418 0.498989
11.168672 0.499213
11.169925 0.499438
11.171177 0.499663
11.171802 0.499888
11.175550 0.500112
11.176796 0.500337
11.178665 0.500562
11.179909 0.500787
11.182394 0.501011
11.185495 0.501236
11.186114 0.501686
11.195372 0.502135
11.195987 0.502360
11.202736 0.502585
11.207014 0.502810
11.208234 0.503259
11.208844 0.503709
11.211280 0.504383
11.211888 0.504608
11.213712 0.504833
11.216140 0.505057
11.223398 0.505282
11.227014 0.505507
11.229420 0.505732
11.233020 0.506631
11.233620 0.507080
11.236612 0.507305
11.237807 0.507530
11.240195 0.507755
11.243174 0.507979
11.244364 0.508204
11.244958 0.508429
11.245553 0.508654
11.247928 0.509103
11.250298 0.509553
11.251482 0.509777
11.256209 0.510002
11.274960 0.510227
11.275543 0.510677
11.277287 0.510901
11.280771 0.511126
11.283088 0.511351
11.284824 0.511576
11.291746 0.512250
11.296916 0.512475
11.297490 0.512699
11.302639 0.512924
11.305492 0.513149
11.306631 0.513599
11.307201 0.513823
11.309476 0.514048
11.310613 0.514273
11.312883 0.514498
11.321928 0.515172
11.326991 0.515621
11.328114 0.515846
11.329796 0.516071
11.332037 0.516296
11.335390 0.516521
11.337064 0.516745
11.340963 0.516970
11.342075 0.517195
11.343186 0.517420
11.348175 0.517644
11.351491 0.517869
11.353698 0.518094
11.354800 0.518319
11.357552 0.518543
11.360298 0.518768
11.364682 0.519443
11.366322 0.519892
11.367415 0.520117
11.375583 0.520566
11.376125 0.521016
11.377753 0.521465
11.379378 0.521690
11.381002 0.521915
11.389094 0.522140
11.390169 0.522365
11.392317 0.522814
11.397140 0.523039
11.402479 0.523713
11.410451 0.524163
11.413099 0.524388
11.416270 0.524612
11.418907 0.524837
11.419434 0.525287
11.422065 0.525736
11.422590 0.525961
11.426265 0.526186
11.428360 0.526410
11.434628 0.526635
11.435149 0.526860
11.440869 0.527085
11.442425 0.527310
11.442943 0.527534
11.444497 0.527759
11.446049 0.527984
11.446566 0.528209
11.448633 0.528433
11.454813 0.528658
11.458407 0.528883
11.459944 0.529108
11.463524 0.529557
11.466076 0.529782
11.467096 0.530007
11.468115 0.530456
11.470150 0.530681
11.471167 0.530906
11.472691 0.531131
11.476746 0.531355
11.477758 0.531580
11.481799 0.531805
11.485829 0.532030
11.486332 0.532479
11.486835 0.532704
11.487840 0.533154
11.502832 0.533378
11.503826 0.533603
11.509775 0.533828
11.510270 0.534053
11.512247 0.534502
11.514714 0.534952
11.517177 0.535401
11.518161 0.535626
11.523562 0.535851
11.525521 0.536300
11.529919 0.536525
11.535275 0.536750
11.538189 0.537199
11.540128 0.537424
11.540612 0.537649
11.541097 0.537874
11.542548 0.538098
11.543515 0.538548
11.547377 0.538773
11.549303 0.538998
11.549785 0.539222
11.551708 0.539447
11.553629 0.540121
11.558899 0.540346
11.560333 0.540796
11.562242 0.541020
11.562719 0.541245
11.564626 0.541695
11.565578 0.541920
11.566054 0.542369
11.568906 0.542594
11.569381 0.542819
11.569856 0.543043
11.574594 0.543268
11.578844 0.543493
11.579316 0.543718
11.583083 0.543942
11.583553 0.544167
11.584963 0.545066
11.585432 0.545291
11.585901 0.545741
11.586840 0.545965
11.587778 0.546190
11.588246 0.546415
11.590587 0.546640
11.591522 0.546864
11.592457 0.547089
11.594791 0.547539
11.596656 0.547764
11.600842 0.547988
11.606868 0.548213
11.610564 0.548438
11.611025 0.548663
11.613789 0.548887
11.619761 0.549337
11.620678 0.549562
11.624795 0.549786
11.626622 0.550236
11.627078 0.550461
11.628446 0.550686
11.630722 0.550910
11.631632 0.551135
11.634357 0.551360
11.641149 0.552484
11.644307 0.552708
11.644758 0.552933
11.647009 0.553158
11.653293 0.553383
11.654188 0.553608
11.655083 0.553832
11.655978 0.554282
11.659996 0.554507
11.660442 0.554731
11.662223 0.554956
11.663113 0.555181
11.664892 0.555855
11.667555 0.556080
11.668442 0.556305
11.669771 0.556530
11.675075 0.557204
11.676839 0.557429
11.677279 0.557653
11.679040 0.557878
11.679480 0.558103
11.680799 0.558328
11.683872 0.558552
11.685187 0.558777
11.686938 0.559002
11.687813 0.559227
11.688687 0.559452
11.692180 0.559901
11.696533 0.560126
11.696968 0.560351
11.701740 0.560575
11.702173 0.560800
11.709084 0.561025
11.712097 0.561250
11.715533 0.561474
11.717676 0.561924
11.718105 0.562374
11.721526 0.562598
11.723234 0.563048
11.726218 0.563273
11.733863 0.563497
11.734286 0.563947
11.743151 0.564172
11.745674 0.564396
11.748193 0.564621
11.749031 0.564846
11.753635 0.565296
11.756139 0.565520
11.758640 0.565745
11.763212 0.566195
11.765700 0.566419
11.768598 0.566644
11.773551 0.566869
11.773963 0.567318
11.777666 0.567543
11.779719 0.567768
11.780540 0.568218
11.781360 0.568442
11.782589 0.568667
11.786678 0.568892
11.787494 0.569117
11.789126 0.569341
11.789534 0.569566
11.791163 0.569791
11.791977 0.570465
11.794822 0.571140
11.795634 0.571589
11.798067 0.572039
11.798877 0.572263
11.806147 0.572488
11.807355 0.573387
11.807757 0.573612
11.808562 0.573837
11.812177 0.574062
11.818183 0.574286
11.818582 0.574736
11.826548 0.575185
11.828930 0.575410
11.830119 0.575635
11.833285 0.575860
11.835656 0.576309
11.836839 0.576534
11.838810 0.576759
11.840778 0.576984
11.845490 0.577208
11.846274 0.577433
11.851359 0.577658
11.852920 0.577883
11.854868 0.578107
11.857203 0.578332
11.859146 0.578557
11.864186 0.578782
11.866893 0.579007
11.869208 0.579681
11.870750 0.580130
11.872675 0.580355
11.876517 0.580580
11.877284 0.580805
11.877668 0.581029
11.878434 0.581254
11.880731 0.581479
11.882643 0.581704
11.885696 0.581929
11.886840 0.582153
11.887601 0.582378
11.890644 0.582828
11.900867 0.583052
11.904258 0.583277
11.907266 0.583951
11.907642 0.584176
11.911017 0.584401
11.912515 0.584851
11.913637 0.585075
11.914011 0.585300
11.914759 0.585525
11.915879 0.585750
11.919608 0.585974
11.922584 0.586199
11.924813 0.586424
11.925925 0.586873
11.926296 0.587098
11.927037 0.587323
11.930368 0.587548
11.933691 0.587773
11.935902 0.587997
11.938109 0.588447
11.939212 0.588672
11.943980 0.589121
11.949827 0.589346
11.950556 0.589571
11.950920 0.589795
11.954560 0.590245
11.954923 0.590470
11.958190 0.590695
11.962896 0.590919
11.965063 0.591144
11.965424 0.591594
11.966505 0.591818
11.968307 0.592043
11.968667 0.592268
11.969027 0.592493
11.969387 0.592717
11.975490 0.592942
11.977995 0.593167
11.979782 0.593392
11.980140 0.593841
11.980497 0.594066
11.981924 0.594291
11.985130 0.594740
11.987619 0.595415
11.990104 0.595639
11.993292 0.595864
11.994000 0.596089
12.000000 0.597213
12.000704 0.597438
12.001408 0.597662
12.003518 0.597887
12.004220 0.598561
12.010528 0.599011
12.012625 0.599461
12.014718 0.599685
12.016112 0.599910
12.016808 0.600135
12.019938 0.600584
12.020286 0.600809
12.020633 0.601034
12.020980 0.601259
12.021327 0.601483
12.024101 0.601708
12.026869 0.601933
12.027906 0.602158
12.028597 0.602832
12.029977 0.603057
12.030322 0.603282
12.031012 0.603506
12.031701 0.603731
12.037890 0.603956
12.040975 0.604181
12.042343 0.604405
12.043369 0.604630
12.043711 0.604855
12.049849 0.605080
12.051889 0.605305
12.053926 0.605529
12.054265 0.605754
12.059006 0.605979
12.059344 0.606204
12.059682 0.606428
12.063395 0.606653
12.065416 0.606878
12.074476 0.607103
12.076148 0.607327
12.079818 0.607552
12.080484 0.607777
12.084476 0.608002
12.084808 0.608227
12.089781 0.608451
12.090443 0.608676
12.092757 0.609126
12.095397 0.609350
12.100005 0.609575
12.100991 0.609800
12.101647 0.610249
12.102960 0.610699
12.103288 0.610924
12.106236 0.611373
12.107871 0.611598
12.113091 0.611823
12.114068 0.612048
12.116994 0.612272
12.118941 0.612497
12.121857 0.612722
12.122181 0.612947
12.123151 0.613171
12.126382 0.613396
12.127350 0.613846
12.128961 0.614071
12.134747 0.614520
12.135389 0.614745
12.135709 0.614970
12.136030 0.615419
12.137952 0.615644
12.140830 0.615869
12.141788 0.616094
12.144021 0.616318
12.144658 0.616543
12.145295 0.616768
12.145932 0.617217
12.148794 0.617442
12.152919 0.617667
12.159556 0.618116
12.163650 0.618341
12.164278 0.618566
12.164593 0.619016
12.167732 0.619240
12.169925 0.619465
12.172115 0.619690
12.173365 0.620364
12.175238 0.620814
12.177731 0.621038
12.180220 0.621263
12.189516 0.621488
12.194141 0.621713
12.194449 0.621938
12.197524 0.622837
12.197831 0.623061
12.198138 0.623286
12.198752 0.623511
12.199979 0.623736
12.202736 0.623960
12.206099 0.624185
12.215836 0.624410
12.216443 0.624635
12.217049 0.625084
12.217958 0.625309
12.218260 0.625534
12.218866 0.625759
12.221889 0.626208
12.222795 0.626433
12.225509 0.626658
12.225810 0.627107
12.228819 0.627332
12.234817 0.627557
12.237210 0.627782
12.238106 0.628006
12.241387 0.628681
12.241983 0.628905
12.246741 0.629355
12.257388 0.629580
12.257682 0.629804
12.259743 0.630029
12.260332 0.630254
12.261801 0.630479
12.262976 0.630704
12.270003 0.630928
12.272630 0.631153
12.277287 0.631378
12.279611 0.631827
12.280481 0.632052
12.281640 0.632277
12.284824 0.632502
12.285402 0.632726
12.289154 0.633176
12.290019 0.634075
12.292034 0.634300
12.293184 0.634525
12.298349 0.634749
12.299780 0.634974
12.303781 0.635199
12.304066 0.635424
12.308339 0.635648
12.312032 0.635873
12.312316 0.636098
12.312883 0.636323
12.316282 0.636772
12.317413 0.636997
12.318260 0.637222
12.320236 0.637896
12.321646 0.638121
12.321928 0.638346
12.323899 0.638570
12.326149 0.638795
12.328675 0.639245
12.328955 0.639470
12.329796 0.639694
12.334553 0.639919
12.335111 0.640144
12.335949 0.640369
12.344296 0.640818
12.345960 0.641492
12.349558 0.641717
12.350110 0.641942
12.351215 0.642167
12.351767 0.642392
12.357002 0.642616
12.362492 0.642841
12.365229 0.643066
12.367415 0.643291
12.370142 0.643740
12.372321 0.644190
12.375311 0.644639
12.380732 0.644864
12.382624 0.645089
12.383434 0.645314
12.392854 0.645538
12.393927 0.645763
12.394731 0.645988
12.396337 0.646213
12.397140 0.646437
12.397407 0.646887
12.400346 0.647112
12.400613 0.647336
12.402746 0.647561
12.403012 0.647786
12.407002 0.648011
12.407533 0.648236
12.408595 0.648460
12.409391 0.648685
12.421539 0.648910
12.423904 0.649359
12.424954 0.649584
12.425740 0.649809
12.427837 0.650034
12.428360 0.650258
12.430453 0.650483
12.431236 0.650933
12.432281 0.651158
12.434107 0.651382
12.434628 0.651607
12.438792 0.651832
12.439052 0.652057
12.440350 0.652281
12.441129 0.652506
12.444756 0.652731
12.453785 0.652956
12.455584 0.653180
12.455841 0.653405
12.456354 0.653630
12.457381 0.653855
12.460968 0.654080
12.462247 0.654304
12.463013 0.654754
12.467606 0.654979
12.470659 0.655203
12.473959 0.655428
12.476746 0.655653
12.479275 0.656102
12.479780 0.656327
12.480790 0.656552
12.481547 0.656777
12.483564 0.657226
12.483816 0.657451
12.484068 0.657676
12.485829 0.657901
12.486332 0.658125
12.489346 0.658575
12.493105 0.658800
12.493605 0.659024
12.495355 0.659249
12.499597 0.659474
12.500344 0.659699
12.501837 0.659924
12.506060 0.660148
12.513234 0.660598
12.513728 0.661047
12.513974 0.661272
12.514221 0.661497
12.514961 0.661722
12.515946 0.662171
12.518407 0.662621
12.519882 0.662846
12.520128 0.663070
12.521600 0.663295
12.525521 0.663520
12.526499 0.663745
12.531138 0.663969
12.531625 0.664194
12.532599 0.664419
12.540128 0.664644
12.542065 0.664869
12.543274 0.665318
12.543515 0.665543
12.544964 0.665768
12.545930 0.665992
12.546894 0.666217
12.547377 0.666442
12.552429 0.666667
12.555787 0.666891
12.556506 0.667116
12.557224 0.667341
12.558421 0.667566
12.562004 0.667791
12.567005 0.668015
12.568669 0.668240
12.571516 0.668465
12.574120 0.668690
12.574594 0.668914
12.576012 0.669139
12.578373 0.669364
12.580494 0.669589
12.580965 0.669813
12.583083 0.670038
12.584023 0.670488
12.584728 0.670713
12.584963 0.670937
12.585432 0.671387
12.589651 0.671612
12.592223 0.671836
12.594558 0.672061
12.595724 0.672960
12.597121 0.673185
12.598518 0.673410
12.600145 0.673635
12.602699 0.673859
12.605248 0.674084
12.606405 0.674534
12.607561 0.674983
12.612868 0.675208
12.614480 0.675433
12.615170 0.675657
12.615400 0.675882
12.617008 0.676107
12.617697 0.676557
12.626394 0.676781
12.628218 0.677006
12.628673 0.677231
12.629584 0.677456
12.631404 0.677680
12.635265 0.677905
12.635718 0.678130
12.635945 0.678355
12.637078 0.678579
12.637983 0.678804
12.638210 0.679029
12.639793 0.679479
12.641149 0.679703
12.644532 0.679928
12.646109 0.680153
12.646334 0.680602
12.649930 0.680827
12.652845 0.681052
12.654188 0.681277
12.654860 0.681726
12.657988 0.681951
12.660219 0.682176
12.660442 0.682401
12.660887 0.682625
12.661555 0.682850
12.661778 0.683075
12.662001 0.683524
12.664447 0.683749
12.665336 0.683974
12.674854 0.684423
12.675737 0.684648
12.677279 0.684873
12.677499 0.685098
12.680360 0.685323
12.682117 0.685547
12.684529 0.685997
12.686282 0.686222
12.687594 0.686446
12.688032 0.686671
12.689124 0.686896
12.689343 0.687121
12.697836 0.687345
12.699789 0.687570
12.700440 0.687795
12.701090 0.688020
12.701956 0.688245
12.702822 0.688694
12.703038 0.688919
12.706064 0.689144
12.714675 0.689368
12.715319 0.689818
12.715748 0.690043
12.716176 0.690267
12.718105 0.690492
12.719389 0.690717
12.720030 0.690942
12.720458 0.691167
12.720886 0.691391
12.722381 0.691616
12.722594 0.691841
12.724940 0.692066
12.726431 0.692290
12.730895 0.692515
12.731531 0.692965
12.733863 0.693639
12.735133 0.693864
12.743151 0.694313
12.744834 0.694538
12.745254 0.694763
12.751544 0.694988
12.755096 0.695212
12.755722 0.695437
12.755931 0.695662
12.758015 0.695887
12.776022 0.696111
12.781155 0.696336
12.782179 0.696786
12.788922 0.697011
12.790145 0.697235
12.791366 0.697685
12.796648 0.697910
12.798674 0.698134
12.801910 0.698359
12.802314 0.698584
12.802516 0.698809
12.803728 0.699033
12.804938 0.699483
12.805542 0.699708
12.810772 0.699933
12.812177 0.700157
12.814382 0.700382
12.817583 0.700607
12.818382 0.700832
12.823765 0.701056
12.829326 0.701281
12.829723 0.701506
12.829921 0.701731
12.836050 0.701955
12.837628 0.702180
12.838416 0.702405
12.853115 0.702630
12.853505 0.702855
12.853894 0.703079
12.855063 0.703304
12.857203 0.703529
12.857398 0.703754
12.866893 0.703978
12.867086 0.704428
12.867665 0.704653
12.868051 0.704878
12.868823 0.705102
12.870172 0.705327
12.871713 0.705552
12.877668 0.705777
12.879200 0.706001
12.884552 0.706226
12.885124 0.706451
12.888363 0.706676
12.891404 0.706900
12.895954 0.707800
12.897656 0.708024
12.899923 0.708249
12.901433 0.708474
12.901621 0.708699
12.903129 0.709598
12.909706 0.709822
12.915319 0.710047
12.915506 0.710272
12.915693 0.710497
12.917559 0.710722
12.918863 0.710946
12.920167 0.711171
12.932953 0.711845
12.937006 0.712070
12.937374 0.712295
12.938109 0.712520
12.941965 0.712969
12.944163 0.713194
12.953469 0.713419
12.954015 0.713644
12.957102 0.713868
12.957283 0.714093
12.959821 0.714318
12.964521 0.714543
12.964702 0.714767
12.971005 0.714992
12.971544 0.715217
12.980854 0.715442
12.981032 0.715666
12.981567 0.715891
12.983172 0.716116
12.989040 0.716341
12.990636 0.716566
12.991345 0.716790
12.991699 0.717015
12.994000 0.717240
12.994707 0.717465
12.995237 0.717914
12.997179 0.718139
13.000000 0.718588
13.002463 0.718813
13.002815 0.719038
13.006852 0.719263
13.007903 0.719488
13.008954 0.719712
13.009129 0.719937
13.010528 0.720162
13.012974 0.720387
13.014020 0.720611
13.019243 0.720836
13.019938 0.721061
13.020459 0.721286
13.023581 0.721510
13.026869 0.721735
13.027906 0.721960
13.030150 0.722185
13.030322 0.722634
13.031357 0.722859
13.031873 0.723084
13.033423 0.723309
13.033767 0.723533
13.038405 0.723758
13.039090 0.724208
13.040290 0.724432
13.044223 0.724657
13.045760 0.724882
13.049849 0.725107
13.050019 0.725332
13.053587 0.725556
13.060865 0.725781
13.064238 0.726006
13.066762 0.726231
13.067434 0.726455
13.067938 0.726680
13.069450 0.726905
13.069953 0.727130
13.071462 0.727354
13.072300 0.727579
13.076816 0.727804
13.082648 0.728029
13.082814 0.728254
13.090112 0.728478
13.092757 0.728703
13.093583 0.728928
13.093748 0.729153
13.094902 0.729377
13.098032 0.729602
13.102304 0.729827
13.105745 0.730052
13.111136 0.730276
13.112602 0.730501
13.112928 0.730726
13.116994 0.730951
13.117968 0.731176
13.119590 0.731400
13.119914 0.731625
13.120562 0.731850
13.121857 0.732075
13.123960 0.732299
13.126704 0.732524
13.134266 0.732749
13.134908 0.732974
13.136030 0.733198
13.137632 0.733423
13.142267 0.733648
13.144021 0.733873
13.144499 0.734098
13.152760 0.734322
13.153869 0.734547
13.154818 0.734772
13.162391 0.734997
13.166006 0.735671
13.167104 0.735896
13.169925 0.736120
13.171177 0.736345
13.172428 0.736570
13.180686 0.736795
13.181463 0.737244
13.183325 0.737469
13.185340 0.737694
13.188280 0.737919
13.188589 0.738143
13.193217 0.738368
13.194757 0.738593
13.197063 0.738818
13.198905 0.739042
13.202583 0.739267
13.205793 0.739492
13.217352 0.739717
13.217806 0.739942
13.218412 0.740166
13.221285 0.740391
13.225057 0.740616
13.230621 0.740841
13.231371 0.741065
13.232121 0.741290
13.234967 0.741515
13.236014 0.741740
13.237359 0.741964
13.237957 0.742189
13.240791 0.742414
13.241834 0.742639
13.242281 0.742864
13.243174 0.743088
13.247186 0.743313
13.248076 0.743538
13.250002 0.743763
13.251334 0.744437
13.251482 0.744662
13.260773 0.744886
13.261213 0.745111
13.261360 0.745336
13.261507 0.745561
13.262682 0.745786
13.264443 0.746010
13.265908 0.746235
13.266787 0.746460
13.267665 0.746685
13.269565 0.746909
13.270879 0.747134
13.273504 0.747359
13.273796 0.747584
13.274524 0.748033
13.275688 0.748258
13.276415 0.748708
13.278740 0.748932
13.279756 0.749157
13.282654 0.749382
13.288578 0.749607
13.290451 0.749831
13.291746 0.750056
13.297633 0.750281
13.306489 0.750506
13.306631 0.750731
13.310471 0.751180
13.310613 0.751405
13.315291 0.751630
13.315716 0.751854
13.316140 0.752079
13.316423 0.752304
13.317413 0.752529
13.324884 0.752753
13.326429 0.753203
13.328675 0.753428
13.329236 0.753653
13.331617 0.754102
13.332176 0.754327
13.334134 0.754552
13.334972 0.754776
13.335251 0.755001
13.335949 0.755226
13.336367 0.755451
13.338876 0.755675
13.342075 0.755900
13.342491 0.756350
13.342630 0.756575
13.344712 0.757024
13.346514 0.757249
13.350663 0.757474
13.351353 0.757698
13.352043 0.757923
13.355213 0.758148
13.355764 0.758373
13.359750 0.758597
13.364135 0.758822
13.365229 0.759047
13.365639 0.759272
13.369597 0.759497
13.370551 0.759721
13.373001 0.759946
13.373953 0.760171
13.376261 0.760396
13.379378 0.760620
13.385593 0.760845
13.389228 0.761070
13.390303 0.761295
13.392317 0.761744
13.393122 0.761969
13.396203 0.762194
13.396605 0.762419
13.398209 0.762643
13.398610 0.762868
13.399812 0.763318
13.400879 0.763542
13.403944 0.763767
13.407268 0.763992
13.407533 0.764217
13.407799 0.764441
13.411114 0.764666
13.411246 0.764891
13.412173 0.765116
13.414949 0.765341
13.415082 0.765565
13.418511 0.765790
13.420092 0.766015
13.424166 0.766240
13.425740 0.766464
13.430060 0.766689
13.430583 0.766914
13.431498 0.767139
13.440869 0.767363
13.448374 0.767588
13.450180 0.767813
13.451211 0.768038
13.451340 0.768263
13.453271 0.768487
13.458150 0.768712
13.458791 0.769162
13.458919 0.769386
13.464290 0.769611
13.467223 0.769836
13.469260 0.770061
13.473706 0.770285
13.475733 0.770510
13.479780 0.770735
13.480664 0.770960
13.481799 0.771185
13.484319 0.771859
13.485200 0.772084
13.487086 0.772308
13.489848 0.772533
13.490224 0.772758
13.491853 0.772983
13.492104 0.773207
13.492980 0.773432
13.495355 0.773657
13.495855 0.773882
13.497977 0.774107
13.498101 0.774331
13.498974 0.775006
13.499223 0.775230
13.500842 0.775905
13.500966 0.776129
13.502832 0.776354
13.505812 0.776579
13.507795 0.777029
13.510022 0.777253
13.510641 0.777478
13.517423 0.777703
13.520250 0.777928
13.522214 0.778152
13.525398 0.778377
13.527843 0.778602
13.529431 0.778827
13.529797 0.779051
13.531016 0.779501
13.532478 0.779726
13.533451 0.779951
13.535518 0.780175
13.537582 0.780625
13.538431 0.780850
13.539401 0.781299
13.541581 0.781524
13.544964 0.781749
13.547497 0.781973
13.547859 0.782198
13.548099 0.782423
13.549905 0.782648
13.551228 0.782873
13.553389 0.783097
13.554589 0.783322
13.555428 0.783547
13.556506 0.783772
13.557703 0.783996
13.558421 0.784221
13.559258 0.784446
13.564149 0.784671
13.569618 0.784895
13.569856 0.785120
13.571160 0.785345
13.573174 0.785795
13.573647 0.786019
13.575539 0.786244
13.576484 0.786469
13.577075 0.786694
13.578491 0.786918
13.579316 0.787143
13.581201 0.788042
13.583905 0.788267
13.590236 0.788492
13.590587 0.788717
13.594325 0.788941
13.595957 0.789166
13.597820 0.789391
13.598169 0.789616
13.599215 0.789840
13.600842 0.790065
13.600958 0.790290
13.605480 0.790515
13.609525 0.790739
13.611601 0.790964
13.613099 0.791414
13.613559 0.791639
13.614595 0.791863
13.623881 0.792088
13.625823 0.792313
13.627534 0.792538
13.629129 0.792762
13.631404 0.792987
13.632995 0.793212
13.633336 0.793661
13.634244 0.793886
13.636398 0.794111
13.636625 0.794785
13.642052 0.795010
13.648020 0.795235
13.649593 0.795460
13.651388 0.795684
13.651949 0.795909
13.652733 0.796134
13.653405 0.796359
13.653741 0.796584
13.654972 0.796808
13.662446 0.797033
13.668885 0.797258
13.672425 0.797483
13.673972 0.797707
13.674634 0.797932
13.681238 0.798382
13.681458 0.798606
13.684749 0.798831
13.691198 0.799056
13.691962 0.799281
13.695881 0.799506
13.700440 0.799730
13.705200 0.799955
13.705632 0.800180
13.713064 0.800405
13.714246 0.800629
13.716605 0.800854
13.717676 0.801079
13.718747 0.801304
13.722381 0.801528
13.724940 0.802428
13.726963 0.802652
13.728452 0.802877
13.729621 0.803102
13.730258 0.803327
13.731743 0.803551
13.739570 0.803776
13.740413 0.804226
13.741256 0.804450
13.741678 0.804675
13.744519 0.804900
13.744939 0.805125
13.747459 0.805350
13.748507 0.805574
13.750707 0.805799
13.754888 0.806024
13.754992 0.806249
13.755409 0.806473
13.755826 0.806698
13.756556 0.806923
13.761136 0.807148
13.761343 0.807372
13.761655 0.807597
13.762901 0.807822
13.767253 0.808047
13.767460 0.808272
13.768081 0.808496
13.768184 0.808721
13.768288 0.808946
13.769321 0.809171
13.777358 0.809395
13.777564 0.809620
13.780540 0.809845
13.781360 0.810070
13.786372 0.810294
13.787903 0.810519
13.789737 0.810744
13.793603 0.810969
13.794213 0.811194
13.800394 0.811418
13.802819 0.811643
13.803223 0.811868
13.803828 0.812093
13.806449 0.812542
13.806650 0.812767
13.806952 0.812992
13.807355 0.813216
13.811575 0.813441
13.815784 0.813666
13.825456 0.813891
13.826548 0.814116
13.827839 0.814340
13.828335 0.814565
13.828831 0.814790
13.830218 0.815015
13.833780 0.815239
13.853602 0.815464
13.857106 0.815689
13.858952 0.815914
13.861087 0.816138
13.861862 0.816363
13.864767 0.816588
13.866120 0.816813
13.868437 0.817038
13.869015 0.817262
13.869112 0.817487
13.870365 0.817937
13.871713 0.818161
13.872098 0.818611
13.873636 0.818836
13.876709 0.819060
13.878817 0.819285
13.879679 0.819735
13.880253 0.819960
13.884171 0.820184
13.889694 0.820409
13.890739 0.820634
13.894439 0.820859
13.895386 0.821083
13.897373 0.821308
13.900678 0.821533
13.906891 0.822207
13.908299 0.822432
13.911860 0.822657
13.914105 0.823331
13.914198 0.823556
13.914385 0.823781
13.917372 0.824005
13.918211 0.824230
13.919050 0.824455
13.931846 0.824680
13.933967 0.824904
13.936914 0.825129
13.938201 0.825354
13.940589 0.825579
13.940772 0.826253
13.940956 0.826478
13.941965 0.827152
13.943980 0.827377
13.944804 0.827602
13.946724 0.827826
13.950191 0.828051
13.950282 0.828276
13.953651 0.828501
13.955741 0.828726
13.958915 0.828950
13.959006 0.829175
13.960816 0.829400
13.963438 0.829625
13.964521 0.830074
13.967496 0.830299
13.973697 0.830524
13.976296 0.830748
13.985486 0.830973
13.989128 0.831198
13.989572 0.831423
13.991079 0.831648
13.993911 0.831872
13.995502 0.832097
13.996032 0.832322
13.996297 0.832547
13.996562 0.832771
14.000000 0.833221
14.000792 0.833446
14.005625 0.833670
14.007728 0.833895
14.009829 0.834120
14.011227 0.837267
14.013235 0.837492
14.015067 0.837716
14.017591 0.837941
14.022715 0.838166
14.028251 0.838391
14.028856 0.838615
14.028942 0.838840
14.031529 0.839065
14.032046 0.839290
14.036345 0.839514
14.037118 0.839739
14.039005 0.839964
14.039262 0.840189
14.040461 0.840638
14.042685 0.840863
14.044053 0.841313
14.049849 0.841762
14.050784 0.841987
14.050954 0.842212
14.052653 0.842437
14.055282 0.842661
14.060696 0.842886
14.060780 0.843111
14.061624 0.843336
14.064911 0.843560
14.067014 0.843785
14.067434 0.844010
14.068442 0.844235
14.069450 0.844459
14.070121 0.845134
14.078151 0.845359
14.079318 0.845583
14.079485 0.845808
14.081400 0.846033
14.081483 0.846258
14.086302 0.846482
14.087711 0.847157
14.089864 0.847381
14.090278 0.847606
14.092179 0.847831
14.093087 0.848056
14.095397 0.848281
14.098032 0.848505
14.108034 0.848730
14.111625 0.848955
14.113579 0.849180
14.113742 0.849404
14.114718 0.849629
14.120967 0.849854
14.126543 0.850303
14.126785 0.850528
14.129283 0.850753
14.133624 0.850978
14.134346 0.851203
14.136831 0.851427
14.139152 0.851652
14.142506 0.851877
14.145216 0.852102
14.147602 0.852326
14.150065 0.852551
14.150303 0.852776
14.151651 0.853001
14.154818 0.853225
14.155293 0.853450
14.156083 0.853900
14.156399 0.854125
14.156794 0.854349
14.157189 0.854799
14.157821 0.855024
14.161368 0.855248
14.173755 0.855473
14.175550 0.855698
14.177575 0.856147
14.177809 0.856372
14.179132 0.856597
14.180065 0.856822
14.180686 0.857047
14.180919 0.857271
14.181385 0.857496
14.185185 0.857721
14.187816 0.857946
14.188589 0.858170
14.188743 0.858620
14.192293 0.858845
14.206328 0.859069
14.210519 0.859294
14.212648 0.859519
14.216215 0.859744
14.222191 0.859969
14.229194 0.860193
14.231521 0.860418
14.236238 0.860643
14.238405 0.861317
14.240121 0.861542
14.240791 0.861991
14.244512 0.862216
14.246963 0.862441
14.251187 0.862666
14.251482 0.862891
14.254955 0.863115
14.257093 0.863340
14.258566 0.863790
14.261948 0.864014
14.262389 0.864239
14.264443 0.864689
14.265542 0.864913
14.268469 0.865138
14.270952 0.865588
14.273213 0.865813
14.274888 0.866037
14.280336 0.866262
14.281423 0.866487
14.285258 0.866712
14.287063 0.866936
14.289515 0.867161
14.291387 0.867386
14.295267 0.867611
14.296701 0.867835
14.298206 0.868060
14.298421 0.868510
14.299351 0.868959
14.303781 0.869184
14.307628 0.869409
14.308055 0.869634
14.308481 0.869858
14.308695 0.870083
14.309476 0.870533
14.310684 0.870757
14.313450 0.870982
14.314442 0.871207
14.314512 0.871432
14.319108 0.871657
14.320448 0.871881
14.324181 0.872106
14.327482 0.872780
14.329726 0.873005
14.332736 0.873230
14.332876 0.873455
14.334553 0.873679
14.334832 0.873904
14.336855 0.874129
14.339850 0.874354
14.345544 0.874579
14.348728 0.874803
14.351560 0.875028
14.351698 0.875253
14.361670 0.875478
14.362081 0.875702
14.363382 0.875927
14.363793 0.876152
14.365092 0.876377
14.369938 0.876601
14.376532 0.876826
14.378295 0.877051
14.382624 0.877276
14.390236 0.877501
14.392183 0.877950
14.392317 0.878175
14.392385 0.878400
14.395534 0.878624
14.395668 0.878849
14.400546 0.879074
14.400613 0.879299
14.408330 0.879523
14.414289 0.879748
14.417391 0.879973
14.425216 0.880198
14.425281 0.880423
14.425413 0.880647
14.428753 0.880872
14.429864 0.881097
14.432542 0.881322
14.432672 0.881546
14.437492 0.881771
14.447406 0.881996
14.448245 0.882221
14.448504 0.882445
14.448891 0.882670
14.449793 0.882895
14.450438 0.883120
14.451082 0.883345
14.454428 0.883569
14.457381 0.883794
14.459432 0.884019
14.463524 0.884244
14.464418 0.884468
14.469260 0.884693
14.470722 0.884918
14.473389 0.885143
14.473516 0.885367
14.476556 0.885592
14.479780 0.885817
14.482556 0.886042
14.487024 0.886267
14.488844 0.886491
14.492479 0.887390
14.494918 0.887615
14.499846 0.887840
14.503826 0.888065
14.510270 0.888290
14.510764 0.888514
14.513172 0.888739
14.513604 0.888964
14.522091 0.889189
14.523562 0.889638
14.525765 0.889863
14.526316 0.890088
14.531260 0.890312
14.532173 0.890537
14.538310 0.890762
14.538431 0.890987
14.538553 0.891212
14.539219 0.891436
14.541520 0.891661
14.543153 0.891886
14.544300 0.892111
14.545930 0.892335
14.546714 0.892560
14.549123 0.892785
14.550206 0.893010
14.550747 0.893234
14.551348 0.893459
14.552969 0.893684
14.558779 0.893909
14.560631 0.894134
14.563137 0.894358
14.569856 0.894583
14.571753 0.894808
14.572523 0.895033
14.574357 0.895257
14.576957 0.895482
14.577134 0.895707
14.582201 0.895932
14.583612 0.896156
14.584140 0.896381
14.589183 0.896606
14.595724 0.896831
14.597354 0.897056
14.598634 0.897280
14.598692 0.897505
14.600842 0.897730
14.602931 0.897955
14.603568 0.898179
14.603974 0.898404
14.604032 0.898629
14.618213 0.898854
14.619761 0.899078
14.621995 0.899303
14.622738 0.899528
14.625024 0.899753
14.625481 0.900202
14.627876 0.900427
14.632427 0.900652
14.635491 0.901101
14.638379 0.901551
14.639454 0.901776
14.641544 0.902000
14.643123 0.902675
14.643856 0.902900
14.644758 0.903124
14.647290 0.903349
14.647964 0.903574
14.655698 0.903799
14.655922 0.904023
14.658211 0.904248
14.661444 0.904473
14.663780 0.904698
14.664447 0.904922
14.670656 0.905147
14.678490 0.905372
14.682172 0.905597
14.697076 0.905822
14.697891 0.906046
14.698759 0.906271
14.700981 0.906496
14.701306 0.906721
14.703038 0.906945
14.703579 0.907170
14.710484 0.907395
14.712849 0.907844
14.712957 0.908069
14.720244 0.908294
14.725686 0.908519
14.728452 0.908744
14.734392 0.908968
14.736878 0.909193
14.739042 0.909418
14.740677 0.909643
14.743677 0.909867
14.747196 0.910092
14.748088 0.910317
14.752851 0.910542
14.757390 0.910766
14.758952 0.910991
14.785044 0.911216
14.785861 0.911441
14.787903 0.911666
14.788107 0.911890
14.789228 0.912115
14.789381 0.912565
14.792892 0.912789
14.794974 0.913014
14.800394 0.913239
14.803173 0.913464
14.804938 0.913688
14.816684 0.913913
14.818233 0.914138
14.819081 0.914363
14.821076 0.914588
14.822870 0.914812
14.823019 0.915037
14.825704 0.915262
14.825754 0.915487
14.828880 0.915711
14.834471 0.915936
14.862444 0.916161
14.869883 0.916386
14.871376 0.916610
14.871520 0.916835
14.874885 0.917060
14.878051 0.917734
14.878817 0.917959
14.881353 0.918184
14.886078 0.918409
14.889551 0.918633
14.899404 0.918858
14.902092 0.919083
14.902281 0.919308
14.923977 0.919532
14.930784 0.919757
14.931846 0.919982
14.933137 0.920207
14.934658 0.920432
14.947363 0.920656
14.950465 0.920881
14.951285 0.921106
14.953787 0.921780
14.954196 0.922679
14.954560 0.922904
14.961947 0.923129
14.965784 0.923354
14.965874 0.923578
14.967947 0.924028
14.972980 0.924927
14.975669 0.925152
14.983172 0.925601
14.989705 0.925826
14.993248 0.926051
14.998326 0.926276
15.003957 0.926500
15.004045 0.926725
15.005405 0.926950
15.008078 0.927175
15.021414 0.927399
15.022281 0.927624
15.022455 0.927849
15.024837 0.928074
15.026178 0.928298
15.026523 0.928523
15.027992 0.928748
15.037032 0.928973
15.040889 0.929198
15.044394 0.929647
15.048231 0.929872
15.053247 0.930097
15.060907 0.930321
15.065669 0.930546
15.065753 0.930771
15.068820 0.930996
15.083479 0.931220
15.083770 0.931445
15.084269 0.931670
15.087463 0.932120
15.092138 0.932344
15.097950 0.932569
15.099183 0.932794
15.099759 0.933019
15.103288 0.933243
15.111136 0.933468
15.121614 0.933693
15.123879 0.933918
15.134426 0.934367
15.135228 0.934592
15.140550 0.934817
15.146728 0.935042
15.148953 0.935266
15.152166 0.935491
15.155846 0.935716
15.156202 0.935941
15.156478 0.936390
15.159950 0.936615
15.161959 0.936840
15.164868 0.937065
15.166791 0.937289
15.171216 0.937514
15.172115 0.937964
15.177848 0.938188
15.193525 0.938413
15.197601 0.938638
15.202277 0.938863
15.219206 0.939087
15.223813 0.939312
15.228217 0.939537
15.234294 0.939762
15.234855 0.939987
15.236799 0.940211
15.240195 0.940436
15.249558 0.940661
15.249817 0.940886
15.250076 0.941110
15.257535 0.941335
15.260589 0.941560
15.261691 0.941785
15.264186 0.942009
15.271463 0.942459
15.273213 0.942909
15.286125 0.943133
15.287712 0.943358
15.290019 0.943808
15.301532 0.944257
15.315893 0.944482
15.322668 0.944707
15.326816 0.944931
15.332771 0.945156
15.340372 0.945381
15.354112 0.945606
15.361807 0.945831
15.377990 0.946055
15.380563 0.946280
15.383907 0.946505
15.392317 0.946954
15.406404 0.947179
15.408263 0.947404
15.428295 0.947629
15.431302 0.947853
15.431367 0.948078
15.432477 0.948303
15.432542 0.948753
15.441388 0.948977
15.443591 0.949202
15.453464 0.949427
15.454974 0.949652
15.456162 0.949876
15.457766 0.950101
15.461000 0.950326
15.461863 0.950551
15.472596 0.950775
15.494887 0.951000
15.498008 0.951225
15.517146 0.951450
15.526591 0.951675
15.538159 0.951899
15.541581 0.952124
15.545960 0.952349
15.547467 0.952574
15.555817 0.952798
15.556476 0.953023
15.563643 0.953248
15.576839 0.953473
15.578107 0.953697
15.582407 0.953922
15.582495 0.954147
15.583700 0.954372
15.587924 0.954597
15.592223 0.954821
15.599826 0.955271
15.604351 0.955496
15.606116 0.955720
15.613559 0.955945
15.613933 0.956170
15.633307 0.956395
15.640697 0.956619
15.651949 0.956844
15.654972 0.957069
15.655055 0.957294
15.656537 0.957519
15.671154 0.957743
15.671679 0.957968
15.671707 0.958193
15.686501 0.958418
15.691634 0.958642
15.706091 0.958867
15.712097 0.959092
15.713387 0.959317
15.733571 0.959541
15.749450 0.959766
15.750602 0.959991
15.753217 0.960216
15.759576 0.960441
15.762797 0.960665
15.781360 0.960890
15.793197 0.961115
15.796014 0.961340
15.800496 0.961564
15.804131 0.961789
15.816734 0.962014
15.824760 0.962239
15.826822 0.962463
15.831703 0.962688
15.836050 0.962913
15.855696 0.963138
15.900867 0.963363
15.910666 0.963587
15.912983 0.963812
15.913614 0.964037
15.928518 0.964262
15.930784 0.964486
15.943705 0.964711
15.944438 0.964936
15.956104 0.965161
15.959640 0.965385
15.960975 0.965610
15.988685 0.965835
15.998657 0.966060
15.999009 0.966285
16.000704 0.966509
16.012581 0.966734
16.033079 0.966959
16.037761 0.967184
16.069534 0.967408
16.075479 0.967633
16.088788 0.967858
16.097703 0.968083
16.098670 0.968307
16.105663 0.968532
16.108422 0.968757
16.116852 0.968982
16.118292 0.969207
16.133142 0.969431
16.137411 0.969656
16.139272 0.970780
16.146250 0.971005
16.164514 0.971229
16.179831 0.971454
16.179909 0.971679
16.185185 0.971904
16.185805 0.972353
16.198637 0.972578
16.216746 0.973028
16.216916 0.973252
16.217163 0.973477
16.242579 0.973702
16.245256 0.974151
16.256209 0.974601
16.272211 0.974826
16.273741 0.975051
16.298349 0.975275
16.337552 0.975500
16.359544 0.975725
16.374479 0.975950
16.387294 0.976174
16.394965 0.976624
16.416534 0.976849
16.426838 0.977073
16.441534 0.977298
16.459432 0.977748
16.466076 0.977973
16.480348 0.978197
16.532919 0.978422
16.554589 0.978647
16.554889 0.978872
16.593114 0.979096
16.619819 0.979546
16.643011 0.979996
16.648624 0.980220
16.670864 0.980445
16.716632 0.980670
16.716806 0.980895
16.736217 0.981119
16.756335 0.981344
16.787482 0.981569
16.805668 0.981794
16.840348 0.982018
16.846335 0.982243
16.862371 0.982468
16.887042 0.982693
16.893456 0.983142
16.895930 0.983367
16.902528 0.983592
16.912691 0.983817
16.964679 0.984041
16.991533 0.984266
17.000000 0.984716
17.006972 0.984940
17.026415 0.985165
17.040461 0.985390
17.044010 0.985615
17.044394 0.985840
17.062015 0.986064
17.064606 0.986289
17.086001 0.986514
17.098721 0.986739
17.105366 0.986963
17.115684 0.987188
17.116638 0.987413
17.122565 0.987638
17.132369 0.987862
17.175822 0.988087
17.195334 0.988312
17.208863 0.988537
17.210709 0.988762
17.218213 0.988986
17.402829 0.989211
17.414033 0.989436
17.481035 0.989661
17.535275 0.989885
17.544919 0.990110
17.569678 0.990335
17.583031 0.990560
17.598612 0.990784
17.620105 0.991009
17.629848 0.991234
17.652964 0.991459
17.690216 0.991684
17.734538 0.991908
17.748258 0.992133
17.824145 0.992358
17.829326 0.992583
17.832890 0.992807
17.853023 0.993032
17.857307 0.993257
17.897089 0.993482
17.904917 0.993706
17.944409 0.993931
17.987547 0.994156
17.987869 0.994381
18.000000 0.994606
18.000110 0.994830
18.110070 0.995055
18.116831 0.995280
18.131239 0.995505
18.199418 0.995729
18.230443 0.996179
18.239365 0.996628
18.307414 0.996853
18.348996 0.997078
18.358012 0.997303
18.418709 0.997528
18.434767 0.997752
18.450591 0.997977
18.531857 0.998202
18.877134 0.998427
19.004561 0.998651
19.589850 0.998876
19.753576 0.999101
19.789704 0.999326
19.910596 0.999550
20.110026 0.999775
20.363040 1.000000
